11-27 16:17:01 >> [INFO] >> [pool-1-thread-1hread] >> com.kb.spider.CrawlerProcessor.process() >> 东汽 发电机联轴器总成 BL-000B含配套附件 ：没有匹配的信息
11-27 16:17:09 >> [INFO] >> [pool-1-thread-1hread] >> com.kb.spider.CrawlerProcessor.process() >> 旭阳 主轴制动器总成 SMCE-900含配套附件 ：没有匹配的信息
11-27 16:17:17 >> [INFO] >> [pool-1-thread-1hread] >> com.kb.spider.CrawlerProcessor.process() >> 北投智控 高清识别控制设备 TRX-C-HIC3 ：没有匹配的信息
11-27 16:17:24 >> [INFO] >> [pool-1-thread-1hread] >> com.kb.spider.CrawlerProcessor.process() >> 北投智控 空降闸 TRX-KJ5 ：没有匹配的信息
11-27 16:17:32 >> [INFO] >> [pool-1-thread-1hread] >> com.kb.spider.CrawlerProcessor.process() >> Product{pName='莱科斯 便携式IV率测试仪，LX-PV31', pPrice=56990.0, pImg='https://image-c.ehsy.com/uploadfile/opc/img/2022/05/06/20220506115258749_M.jpg'}
11-27 16:17:40 >> [INFO] >> [pool-1-thread-1hread] >> com.kb.spider.CrawlerProcessor.process() >> Product{pName='莱科斯 便携式IV率测试仪，LX-PV31', pPrice=56990.0, pImg='https://image-c.ehsy.com/uploadfile/opc/img/2022/05/06/20220506115258749_M.jpg'}
11-27 16:17:40 >> [INFO] >> [pool-1-thread-1hread] >> com.kb.spider.CrawlerProcessor.process() >> Product{pName='莱科斯 便携式EL检测仪,LX-G50', pPrice=53990.0, pImg='https://image-c.ehsy.com/uploadfile/opc/img/2023/09/27/20230927091414808_M.jpg'}
11-27 16:17:40 >> [INFO] >> [pool-1-thread-1hread] >> com.kb.spider.CrawlerProcessor.process() >> Product{pName='莱科斯 便携式EL检测仪，LXZ230，不包含组串电源', pPrice=150000.0, pImg='https://image-c.ehsy.com/uploadfile/opc/img/2022/07/01/20220701134156746_M.jpg'}
11-27 16:17:48 >> [INFO] >> [pool-1-thread-1hread] >> com.kb.spider.CrawlerProcessor.process() >> Product{pName='福禄克 红外热成像仪，FLK-TIS55+ 9HZCN', pPrice=27890.0, pImg='https://image-c.ehsy.com/uploadfile/opc/img/2021/04/12/20210412153438254_M.jpg'}
11-27 16:17:48 >> [INFO] >> [pool-1-thread-1hread] >> com.kb.spider.CrawlerProcessor.process() >> Product{pName='福禄克 红外热成像仪，FLK-TIS75+ 9HZCN', pPrice=53890.0, pImg='https://image-c.ehsy.com/uploadfile/opc/img/2021/04/13/20210413141426880_M.jpg'}
11-27 16:17:48 >> [INFO] >> [pool-1-thread-1hread] >> com.kb.spider.CrawlerProcessor.process() >> Product{pName='福禄克FLUKE 红外热成像仪，FLK-TIS75+ 27HZ/CN', pPrice=66790.0, pImg='https://image-c.ehsy.com/uploadfile/opc/img/2021/09/07/20210907143013328_M.jpg'}
11-27 16:17:48 >> [INFO] >> [pool-1-thread-1hread] >> com.kb.spider.CrawlerProcessor.process() >> Product{pName='福禄克 红外热成像仪，FLK-TIS20+MAX 9HZCN', pPrice=15990.0, pImg='https://image-c.ehsy.com/uploadfile/opc/img/2021/04/13/20210413174312540_M.jpg'}
11-27 16:17:48 >> [INFO] >> [pool-1-thread-1hread] >> com.kb.spider.CrawlerProcessor.process() >> Product{pName='福禄克FLUKE 红外热像仪，FLK-TI480-PRO60HZ/CN', pPrice=暂时无法获取价格, pImg='https://image-c.ehsy.com/uploadfile/opc/img/2019/12/05/20191205165723230_M.jpg'}
11-27 16:17:48 >> [INFO] >> [pool-1-thread-1hread] >> com.kb.spider.CrawlerProcessor.process() >> Product{pName='福禄克FLUKE 红外热像仪，FLK-TIX580 60HZCN', pPrice=暂时无法获取价格, pImg='https://image-c.ehsy.com/uploadfile/opc/img/2019/12/05/20191205154359656_M.jpg'}
11-27 16:17:48 >> [INFO] >> [pool-1-thread-1hread] >> com.kb.spider.CrawlerProcessor.process() >> Product{pName='福禄克 红外热像仪，FLUKE-TI400U/CN', pPrice=72761.19, pImg='https://image-c.ehsy.com/uploadfile/opc/img/2023/10/12/20231012094334455_M.jpg'}
11-27 16:17:48 >> [INFO] >> [pool-1-thread-1hread] >> com.kb.spider.CrawlerProcessor.process() >> Product{pName='福禄克FLUKE 便携式口袋热像仪，FLUKE PTI120 9HZ 400CCN（原型号FLK-PTI120）', pPrice=7179.0, pImg='https://image-c.ehsy.com/uploadfile/opc/img/2019/08/23/20190823111945815_M.jpg'}
11-27 16:17:48 >> [INFO] >> [pool-1-thread-1hread] >> com.kb.spider.CrawlerProcessor.process() >> Product{pName='福禄克FLUKE 轻便型红外热像仪，FLUKE-VT08/CN', pPrice=5349.0, pImg='https://image-c.ehsy.com/uploadfile/opc/img/2021/12/07/20211207174318427_M.jpg'}
11-27 16:17:48 >> [INFO] >> [pool-1-thread-1hread] >> com.kb.spider.CrawlerProcessor.process() >> Product{pName='福禄克FLUKE 轻便型红外热像仪，FLUKE-VT06/CN', pPrice=3959.0, pImg='https://image-c.ehsy.com/uploadfile/opc/img/2021/12/07/20211207174853665_M.jpg'}
11-27 16:17:48 >> [INFO] >> [pool-1-thread-1hread] >> com.kb.spider.CrawlerProcessor.process() >> Product{pName='福禄克FLUKE 红外热像仪，FLK-RSE600 9HZCN', pPrice=暂时无法获取价格, pImg='https://image-c.ehsy.com/uploadfile/opc/img/2019/12/05/20191205172628175_M.jpg'}
11-27 16:17:48 >> [INFO] >> [pool-1-thread-1hread] >> com.kb.spider.CrawlerProcessor.process() >> Product{pName='福禄克FLUKE 红外热像仪，FLK-RSE300 9HZCN', pPrice=暂时无法获取价格, pImg='https://image-c.ehsy.com/uploadfile/opc/img/2019/12/05/20191205170850602_M.jpg'}
11-27 16:17:48 >> [INFO] >> [pool-1-thread-1hread] >> com.kb.spider.CrawlerProcessor.process() >> Product{pName='福禄克安博Amprobe 红外热像仪，IRC-110-CN', pPrice=2769.0, pImg='https://image-c.ehsy.com/uploadfile/opc/img/2019/05/24/20190524154918049_M.jpg'}
11-27 16:17:55 >> [INFO] >> [pool-1-thread-1hread] >> com.kb.spider.CrawlerProcessor.process() >> Product{pName='起帆 铝芯交联聚乙烯绝缘聚氯乙烯护套电力电缆,YJLV-0.6/1kV-4*25+1*16，100米起订', pPrice=18.59, pImg='https://image-c.ehsy.com/uploadfile/opc/img/2022/09/15/20220915160628291_M.jpg'}
11-27 16:17:55 >> [INFO] >> [pool-1-thread-1hread] >> com.kb.spider.CrawlerProcessor.process() >> Product{pName='起帆 电缆，ZB-RVV 5*2.5黑色，100米/卷', pPrice=1709.0, pImg='https://image-c.ehsy.com/uploadfile/opc/img/2023/08/17/20230817170933547_M.jpg'}
11-27 16:17:55 >> [INFO] >> [pool-1-thread-1hread] >> com.kb.spider.CrawlerProcessor.process() >> Product{pName='起帆 额定电压300/500V中型橡套软电线，YZ-300/500V-4*4，100米/卷', pPrice=2119.0, pImg='https://image-c.ehsy.com/uploadfile/opc/img/2022/09/20/20220920143854471_M.jpg'}
11-27 16:17:55 >> [INFO] >> [pool-1-thread-1hread] >> com.kb.spider.CrawlerProcessor.process() >> Product{pName='起帆 额定电压300/500V中型橡套软电线，YZ-300/500V-2*1.5，100米/卷', pPrice=458.46, pImg='https://image-c.ehsy.com/uploadfile/opc/img/2022/09/20/20220920143854471_M.jpg'}
11-27 16:17:55 >> [INFO] >> [pool-1-thread-1hread] >> com.kb.spider.CrawlerProcessor.process() >> Product{pName='起帆 电缆，KVV22-450/750V-6*1.0', pPrice=10.49, pImg='https://image-c.ehsy.com/uploadfile/opc/img/2023/03/01/20230301094746734_M.jpg'}
11-27 16:17:55 >> [INFO] >> [pool-1-thread-1hread] >> com.kb.spider.CrawlerProcessor.process() >> Product{pName='起帆 电缆，ZC-KVV-450/750V-4*1.0', pPrice=6.22, pImg='https://image-c.ehsy.com/uploadfile/opc/img/2021/04/28/20210428112435189_M.jpg'}
11-27 16:17:55 >> [INFO] >> [pool-1-thread-1hread] >> com.kb.spider.CrawlerProcessor.process() >> Product{pName='起帆QIFAN 防水橡套电缆，JHS-300/500V-5*50，100米起订', pPrice=311.9, pImg='https://image-c.ehsy.com/uploadfile/opc/img/2021/11/30/20211130093919528_M.jpg'}
11-27 16:17:55 >> [INFO] >> [pool-1-thread-1hread] >> com.kb.spider.CrawlerProcessor.process() >> Product{pName='起帆QIFAN 防水橡套电缆，JHS-300/500V-5*10，100米起订', pPrice=70.39, pImg='https://image-c.ehsy.com/uploadfile/opc/img/2021/11/30/20211130093919528_M.jpg'}
11-27 16:17:55 >> [INFO] >> [pool-1-thread-1hread] >> com.kb.spider.CrawlerProcessor.process() >> Product{pName='起帆QIFAN 防水橡套电缆，JHS-300/500V-5*95，100米起订', pPrice=591.9, pImg='https://image-c.ehsy.com/uploadfile/opc/img/2021/11/30/20211130093919528_M.jpg'}
11-27 16:17:55 >> [INFO] >> [pool-1-thread-1hread] >> com.kb.spider.CrawlerProcessor.process() >> Product{pName='起帆QIFAN 防水橡套电缆，JHS-300/500V-5*25，100米起订', pPrice=161.9, pImg='https://image-c.ehsy.com/uploadfile/opc/img/2021/11/30/20211130093919528_M.jpg'}
11-27 16:17:55 >> [INFO] >> [pool-1-thread-1hread] >> com.kb.spider.CrawlerProcessor.process() >> Product{pName='起帆QIFAN 重型橡套软电缆，YC-450/750V-5*10，100米起订', pPrice=69.69, pImg='https://image-c.ehsy.com/uploadfile/opc/img/2021/10/21/20211021131549353_M.jpg'}
11-27 16:17:55 >> [INFO] >> [pool-1-thread-1hread] >> com.kb.spider.CrawlerProcessor.process() >> Product{pName='起帆QIFAN 防水橡套电缆，JHS-300/500V-5*185，100米起订', pPrice=1139.0, pImg='https://image-c.ehsy.com/uploadfile/opc/img/2021/11/30/20211130093919528_M.jpg'}
11-27 16:17:55 >> [INFO] >> [pool-1-thread-1hread] >> com.kb.spider.CrawlerProcessor.process() >> Product{pName='起帆 电缆，ZC-KVVP2-450/750V-10*1.0', pPrice=16.91, pImg='https://image-c.ehsy.com/uploadfile/opc/img/2021/04/28/20210428112444575_M.jpg'}
11-27 16:17:55 >> [INFO] >> [pool-1-thread-1hread] >> com.kb.spider.CrawlerProcessor.process() >> Product{pName='起帆 电缆，ZC-KVVP2-450/750V-3*1.5', pPrice=8.51, pImg='https://image-c.ehsy.com/uploadfile/opc/img/2021/04/28/20210428112447538_M.jpg'}
11-27 16:17:55 >> [INFO] >> [pool-1-thread-1hread] >> com.kb.spider.CrawlerProcessor.process() >> Product{pName='起帆 电缆，ZC-KVVP2-450/750V-8*1.5', pPrice=19.09, pImg='https://image-c.ehsy.com/uploadfile/opc/img/2021/04/28/20210428112448992_M.jpg'}
11-27 16:17:55 >> [INFO] >> [pool-1-thread-1hread] >> com.kb.spider.CrawlerProcessor.process() >> Product{pName='起帆 电缆，KVVP2-22-450/750V-4*1.5', pPrice=12.19, pImg='https://image-c.ehsy.com/uploadfile/opc/img/2023/08/18/20230818112852848_M.jpg'}
11-27 16:17:55 >> [INFO] >> [pool-1-thread-1hread] >> com.kb.spider.CrawlerProcessor.process() >> Product{pName='起帆 电缆，ZC-KVVP2-22-450/750V-8*1.5', pPrice=21.38, pImg='https://image-c.ehsy.com/uploadfile/opc/img/2021/04/28/20210428112451920_M.jpg'}
11-27 16:17:55 >> [INFO] >> [pool-1-thread-1hread] >> com.kb.spider.CrawlerProcessor.process() >> Product{pName='起帆 电缆，ZC-KVVP2-450/750V-14*2.5', pPrice=48.11, pImg='https://image-c.ehsy.com/uploadfile/opc/img/2021/04/28/20210428112440874_M.jpg'}
11-27 16:17:55 >> [INFO] >> [pool-1-thread-1hread] >> com.kb.spider.CrawlerProcessor.process() >> Product{pName='起帆 电缆，ZC-KVVP2-450/750V-14*1.5', pPrice=31.26, pImg='https://image-c.ehsy.com/uploadfile/opc/img/2021/04/28/20210428112440218_M.jpg'}
11-27 16:17:55 >> [INFO] >> [pool-1-thread-1hread] >> com.kb.spider.CrawlerProcessor.process() >> Product{pName='起帆QIFAN 铜芯聚氯乙烯绝缘聚氯乙烯护套软电缆，RVV-300/500V-3*1.0 黑色，100米/卷', pPrice=419.59, pImg='https://image-c.ehsy.com/uploadfile/opc/img/2021/05/28/20210528155158983_M.jpg'}
11-27 16:17:55 >> [INFO] >> [pool-1-thread-1hread] >> com.kb.spider.CrawlerProcessor.process() >> Product{pName='起帆QIFAN 铜芯聚氯乙烯绝缘聚氯乙烯护套软电缆，RVV-300/500V-4*6 黑色，100米/卷', pPrice=3079.0, pImg='https://image-c.ehsy.com/uploadfile/opc/img/2021/05/28/20210528155158983_M.jpg'}
11-27 16:17:55 >> [INFO] >> [pool-1-thread-1hread] >> com.kb.spider.CrawlerProcessor.process() >> Product{pName='起帆QIFAN 铜芯聚氯乙烯绝缘聚氯乙烯护套软电缆，RVV-300/500V-3*6 黑色，100米/卷', pPrice=2329.0, pImg='https://image-c.ehsy.com/uploadfile/opc/img/2021/05/28/20210528155158983_M.jpg'}
11-27 16:17:55 >> [INFO] >> [pool-1-thread-1hread] >> com.kb.spider.CrawlerProcessor.process() >> Product{pName='起帆QIFAN 铜芯聚氯乙烯绝缘聚氯乙烯护套软电缆，RVV-300/500V-5*4 黑色，100米/卷', pPrice=2499.9, pImg='https://image-c.ehsy.com/uploadfile/opc/img/2021/05/28/20210528155158983_M.jpg'}
11-27 16:17:55 >> [INFO] >> [pool-1-thread-1hread] >> com.kb.spider.CrawlerProcessor.process() >> Product{pName='起帆QIFAN 铜芯聚氯乙烯绝缘聚氯乙烯护套软电缆，RVV-300/500V-3*2.5 白色，100米/卷', pPrice=973.46, pImg='https://image-c.ehsy.com/uploadfile/opc/img/2023/08/17/20230817165916898_M.jpg'}
11-27 16:17:55 >> [INFO] >> [pool-1-thread-1hread] >> com.kb.spider.CrawlerProcessor.process() >> Product{pName='起帆QIFAN 铜芯聚氯乙烯绝缘聚氯乙烯护套软电缆，RVV-300/300V-4*0.5 白色，100米/卷', pPrice=322.9, pImg='https://image-c.ehsy.com/uploadfile/opc/img/2023/08/17/20230817165916898_M.jpg'}
11-27 16:17:55 >> [INFO] >> [pool-1-thread-1hread] >> com.kb.spider.CrawlerProcessor.process() >> Product{pName='起帆QIFAN 铜芯聚氯乙烯绝缘聚氯乙烯护套软电缆，RVV-300/500V-2*0.75 灰色，100米/卷', pPrice=233.9, pImg='https://image-c.ehsy.com/uploadfile/opc/img/2020/02/13/20200213151343368_M.jpg'}
11-27 16:17:55 >> [INFO] >> [pool-1-thread-1hread] >> com.kb.spider.CrawlerProcessor.process() >> Product{pName='起帆QIFAN 铜芯聚氯乙烯绝缘聚氯乙烯护套软电缆，RVV-300/500V-2*0.75 黑色，100米/卷', pPrice=234.9, pImg='https://image-c.ehsy.com/uploadfile/opc/img/2021/05/28/20210528155158983_M.jpg'}
11-27 16:17:55 >> [INFO] >> [pool-1-thread-1hread] >> com.kb.spider.CrawlerProcessor.process() >> Product{pName='起帆 电缆，ZB-RVV 5*4黑色，100米/卷', pPrice=3071.0, pImg='https://image-c.ehsy.com/uploadfile/opc/img/2019/03/20/20190320100742321_M.jpg'}
11-27 16:17:55 >> [INFO] >> [pool-1-thread-1hread] >> com.kb.spider.CrawlerProcessor.process() >> Product{pName='起帆 电缆，ZB-RV-1*0.75（下单前确认颜色）', pPrice=97.35, pImg='https://image-c.ehsy.com/uploadfile/opc/img/2023/10/24/20231024110846449_M.jpg'}
11-27 16:18:05 >> [INFO] >> [pool-1-thread-1hread] >> com.kb.spider.CrawlerProcessor.process() >> Product{pName='公牛BULL G06系列两位电脑插座（打线型），G06T222A', pPrice=43.69, pImg='https://image-c.ehsy.com/uploadfile/opc/img/2017/03/24/20170324180131684_M.jpg'}
11-27 16:18:13 >> [INFO] >> [pool-1-thread-1hread] >> com.kb.spider.CrawlerProcessor.process() >> 公牛 电缆卷线盘 300米电压220V ：没有匹配的信息
11-27 16:18:21 >> [INFO] >> [pool-1-thread-1hread] >> com.kb.spider.CrawlerProcessor.process() >> APESD RJ45网线成品 长度50米PU材质带水晶头及接线头 ：没有匹配的信息
11-27 16:18:29 >> [INFO] >> [pool-1-thread-1hread] >> com.kb.spider.CrawlerProcessor.process() >> 劲博 主机供电电池 JP-6-GFM-120 ：没有匹配的信息
11-27 16:18:36 >> [INFO] >> [pool-1-thread-1hread] >> com.kb.spider.CrawlerProcessor.process() >> 环球 蓄能器水罐 TWB-24LX含组件（MTTA-24xl-0.75BT-1.9-SSC) ：没有匹配的信息
11-27 16:18:44 >> [INFO] >> [pool-1-thread-1hread] >> com.kb.spider.CrawlerProcessor.process() >> Product{pName='菲力尔FLIR 红外热像仪，E76', pPrice=暂时无法获取价格, pImg='https://image-c.ehsy.com/uploadfile/opc/img/2021/07/05/20210705151831047_M.jpg'}
